Resolving dependencies...
Downloading packages...
  _flutterfire_internals 1.3.59 (1.3.64 available)
  characters 1.4.0 (1.4.1 available)
  cloud_firestore 5.6.12 (6.1.0 available)
  cloud_firestore_platform_interface 6.6.12 (7.0.4 available)
  cloud_firestore_web 4.4.12 (5.1.0 available)
  cross_file 0.3.4+2 (0.3.5+1 available)
  crypto 3.0.6 (3.0.7 available)
  file_picker 8.3.7 (10.3.7 available)
  firebase_auth 5.7.0 (6.1.2 available)
  firebase_auth_platform_interface 7.7.3 (8.1.4 available)
  firebase_auth_web 5.15.3 (6.1.0 available)
  firebase_core 3.15.2 (4.2.1 available)
  firebase_core_web 2.24.1 (3.3.0 available)
  firebase_storage 12.4.10 (13.0.4 available)
  firebase_storage_platform_interface 5.2.10 (5.2.15 available)
  firebase_storage_web 3.10.17 (3.11.0 available)
  fl_chart 0.68.0 (1.1.1 available)
  flutter_dotenv 5.2.1 (6.0.0 available)
  flutter_lints 2.0.3 (6.0.0 available)
  flutter_plugin_android_lifecycle 2.0.32 (2.0.33 available)
  geocoding 2.2.2 (4.0.0 available)
  geocoding_android 3.3.1 (4.0.1 available)
  geocoding_ios 2.3.0 (3.1.0 available)
  geocoding_platform_interface 3.2.0 (4.0.0 available)
  geolocator 10.1.1 (14.0.2 available)
  geolocator_android 4.6.2 (5.0.2 available)
  geolocator_web 2.2.1 (4.1.3 available)
  http 1.5.0 (1.6.0 available)
  intl 0.18.1 (0.20.2 available)
  lints 2.1.1 (6.0.0 available)
  matcher 0.12.17 (0.12.18 available)
  material_color_utilities 0.11.1 (0.13.0 available)
  path_provider_android 2.2.20 (2.2.22 available)
  path_provider_foundation 2.4.3 (2.5.1 available)
  pointycastle 3.9.1 (4.0.0 available)
  test_api 0.7.7 (0.7.8 available)
  url_launcher_android 6.3.24 (6.3.28 available)
  url_launcher_ios 6.3.5 (6.3.6 available)
  url_launcher_linux 3.2.1 (3.2.2 available)
  url_launcher_macos 3.2.4 (3.2.5 available)
  url_launcher_windows 3.1.4 (3.1.5 available)
  uuid 4.5.1 (4.5.2 available)
  webview_flutter_android 4.10.5 (4.10.9 available)
  webview_flutter_wkwebview 3.23.1 (3.23.4 available)
Got dependencies!
44 packages have newer versions incompatible with dependency constraints.
Try `flutter pub outdated` for more information.
{"protocolVersion":"0.1.1","runnerVersion":null,"pid":45004,"type":"start","time":0}
{"suite":{"id":0,"platform":"vm","path":"d:/Project/test/integration/services/address_service_test.dart"},"type":"suite","time":0}
{"test":{"id":1,"name":"loading d:/Project/test/integration/services/address_service_test.dart","suiteID":0,"groupIDs":[],"metadata":{"skip":false,"skipReason":null},"line":null,"column":null,"url":null},"type":"testStart","time":1}
{"suite":{"id":2,"platform":"vm","path":"d:/Project/test/integration/services/firebase_service_test.dart"},"type":"suite","time":5}
{"test":{"id":3,"name":"loading d:/Project/test/integration/services/firebase_service_test.dart","suiteID":2,"groupIDs":[],"metadata":{"skip":false,"skipReason":null},"line":null,"column":null,"url":null},"type":"testStart","time":5}
{"count":2,"time":5,"type":"allSuites"}
lib/utils/validation_utils.dart:84:34: Error: String starting with " must end with ".
      r"(--|/\*|\*/|;|'|"|`|\\|%)",
                                 ^^
lib/utils/validation_utils.dart:155:67: Error: Can't find ']' to match '['.
    sanitized = sanitized.replaceAll(RegExp(r'\s*on\w+\s*=\s*["\'][^"\']*["\']', caseSensitive: false), '');
                                                                  ^
lib/utils/validation_utils.dart:84:27: Error: Expected an identifier, but got '`'.
Try inserting an identifier before '`'.
      r"(--|/\*|\*/|;|'|"|`|\\|%)",
                          ^
lib/utils/validation_utils.dart:84:29: Error: Expected an identifier, but got '\'.
Try inserting an identifier before '\'.
      r"(--|/\*|\*/|;|'|"|`|\\|%)",
                            ^
lib/utils/validation_utils.dart:84:30: Error: Expected ']' before this.
      r"(--|/\*|\*/|;|'|"|`|\\|%)",
                             ^
lib/utils/validation_utils.dart:84:26: Error: The operator '|' isn't defined for the type 'String'.
Try correcting the operator to an existing operator, or defining a '|' operator.
      r"(--|/\*|\*/|;|'|"|`|\\|%)",
                         ^
lib/utils/validation_utils.dart:155:66: Error: Expected ')' before this.
    sanitized = sanitized.replaceAll(RegExp(r'\s*on\w+\s*=\s*["\'][^"\']*["\']', caseSensitive: false), '');
                                                                 ^
lib/utils/validation_utils.dart:182:42: Error: Expected an identifier, but got '/'.
Try inserting an identifier before '/'.
        final tagName = tagContent.split(/\s+/).first.toLowerCase().split('/').first;
                                         ^
lib/utils/validation_utils.dart:182:43: Error: Expected an identifier, but got '\'.
Try inserting an identifier before '\'.
        final tagName = tagContent.split(/\s+/).first.toLowerCase().split('/').first;
                                          ^
lib/utils/validation_utils.dart:182:44: Error: Expected ',' before this.
        final tagName = tagContent.split(/\s+/).first.toLowerCase().split('/').first;
                                           ^
lib/utils/validation_utils.dart:182:46: Error: Expected an identifier, but got '/'.
Try inserting an identifier before '/'.
        final tagName = tagContent.split(/\s+/).first.toLowerCase().split('/').first;
                                             ^
lib/utils/validation_utils.dart:182:47: Error: Expected an identifier, but got ')'.
Try inserting an identifier before ')'.
        final tagName = tagContent.split(/\s+/).first.toLowerCase().split('/').first;
                                              ^
lib/utils/validation_utils.dart:182:44: Error: Undefined name 's'.
        final tagName = tagContent.split(/\s+/).first.toLowerCase().split('/').first;
                                           ^
lib/utils/validation_utils.dart:182:41: Error: Too many positional arguments: 1 allowed, but 2 found.
Try removing the extra positional arguments.
        final tagName = tagContent.split(/\s+/).first.toLowerCase().split('/').first;
                                        ^
{"testID":3,"error":"Failed to load \"d:/Project/test/integration/services/firebase_service_test.dart\":\nCompilation failed for testPath=d:/Project/test/integration/services/firebase_service_test.dart: lib/utils/validation_utils.dart:84:34: Error: String starting with \" must end with \".\n      r\"(--|/\\*|\\*/|;|'|\"|`|\\\\|%)\",\n                                 ^^\nlib/utils/validation_utils.dart:155:67: Error: Can't find ']' to match '['.\n    sanitized = sanitized.replaceAll(RegExp(r'\\s*on\\w+\\s*=\\s*[\"\\'][^\"\\']*[\"\\']', caseSensitive: false), '');\n                                                                  ^\nlib/utils/validation_utils.dart:84:27: Error: Expected an identifier, but got '`'.\nTry inserting an identifier before '`'.\n      r\"(--|/\\*|\\*/|;|'|\"|`|\\\\|%)\",\n                          ^\nlib/utils/validation_utils.dart:84:29: Error: Expected an identifier, but got '\\'.\nTry inserting an identifier before '\\'.\n      r\"(--|/\\*|\\*/|;|'|\"|`|\\\\|%)\",\n                            ^\nlib/utils/validation_utils.dart:84:30: Error: Expected ']' before this.\n      r\"(--|/\\*|\\*/|;|'|\"|`|\\\\|%)\",\n                             ^\nlib/utils/validation_utils.dart:84:26: Error: The operator '|' isn't defined for the type 'String'.\nTry correcting the operator to an existing operator, or defining a '|' operator.\n      r\"(--|/\\*|\\*/|;|'|\"|`|\\\\|%)\",\n                         ^\nlib/utils/validation_utils.dart:155:66: Error: Expected ')' before this.\n    sanitized = sanitized.replaceAll(RegExp(r'\\s*on\\w+\\s*=\\s*[\"\\'][^\"\\']*[\"\\']', caseSensitive: false), '');\n                                                                 ^\nlib/utils/validation_utils.dart:182:42: Error: Expected an identifier, but got '/'.\nTry inserting an identifier before '/'.\n        final tagName = tagContent.split(/\\s+/).first.toLowerCase().split('/').first;\n                                         ^\nlib/utils/validation_utils.dart:182:43: Error: Expected an identifier, but got '\\'.\nTry inserting an identifier before '\\'.\n        final tagName = tagContent.split(/\\s+/).first.toLowerCase().split('/').first;\n                                          ^\nlib/utils/validation_utils.dart:182:44: Error: Expected ',' before this.\n        final tagName = tagContent.split(/\\s+/).first.toLowerCase().split('/').first;\n                                           ^\nlib/utils/validation_utils.dart:182:46: Error: Expected an identifier, but got '/'.\nTry inserting an identifier before '/'.\n        final tagName = tagContent.split(/\\s+/).first.toLowerCase().split('/').first;\n                                             ^\nlib/utils/validation_utils.dart:182:47: Error: Expected an identifier, but got ')'.\nTry inserting an identifier before ')'.\n        final tagName = tagContent.split(/\\s+/).first.toLowerCase().split('/').first;\n                                              ^\nlib/utils/validation_utils.dart:182:44: Error: Undefined name 's'.\n        final tagName = tagContent.split(/\\s+/).first.toLowerCase().split('/').first;\n                                           ^\nlib/utils/validation_utils.dart:182:41: Error: Too many positional arguments: 1 allowed, but 2 found.\nTry removing the extra positional arguments.\n        final tagName = tagContent.split(/\\s+/).first.toLowerCase().split('/').first;\n                                        ^\n.","stackTrace":"","isFailure":false,"type":"error","time":2441}
{"testID":3,"result":"error","skipped":false,"hidden":false,"type":"testDone","time":2444}
{"testID":1,"error":"Error: The Dart compiler exited unexpectedly.","stackTrace":"package:flutter_tools/src/base/common.dart 34:3  throwToolExit\npackage:flutter_tools/src/compile.dart 911:11    DefaultResidentCompiler._compile.<fn>\ndart:async/zone.dart 1538:47                     _rootRunUnary\ndart:async/zone.dart 1429:19                     _CustomZone.runUnary\ndart:async/future_impl.dart 948:45               Future._propagateToListeners.handleValueCallback\ndart:async/future_impl.dart 977:13               Future._propagateToListeners\ndart:async/future_impl.dart 862:9                Future._propagateToListeners\ndart:async/future_impl.dart 720:5                Future._completeWithValue\ndart:async/future_impl.dart 804:7                Future._asyncCompleteWithValue.<fn>\ndart:async/zone.dart 1525:13                     _rootRun\ndart:async/zone.dart 1422:19                     _CustomZone.run\ndart:async/zone.dart 1321:7                      _CustomZone.runGuarded\ndart:async/zone.dart 1362:23                     _CustomZone.bindCallbackGuarded.<fn>\ndart:async/schedule_microtask.dart 40:35         _microtaskLoop\ndart:async/schedule_microtask.dart 49:5          _startMicrotaskLoop\ndart:isolate-patch/isolate_patch.dart 127:13     _runPendingImmediateCallback\ndart:isolate-patch/isolate_patch.dart 194:5      _RawReceivePort._handleMessage\n","isFailure":false,"type":"error","time":2483}
{"testID":1,"result":"error","skipped":false,"hidden":false,"type":"testDone","time":2677}
{"group":{"id":4,"suiteID":0,"parentID":null,"name":"","metadata":{"skip":false,"skipReason":null},"testCount":8,"line":null,"column":null,"url":null},"type":"group","time":2679}
{"group":{"id":5,"suiteID":0,"parentID":4,"name":"AddressService","metadata":{"skip":false,"skipReason":null},"testCount":8,"line":9,"column":3,"url":"file:///d:/Project/test/integration/services/address_service_test.dart"},"type":"group","time":2679}
{"group":{"id":6,"suiteID":0,"parentID":5,"name":"AddressService searchRoadAddress","metadata":{"skip":false,"skipReason":null},"testCount":7,"line":16,"column":5,"url":"file:///d:/Project/test/integration/services/address_service_test.dart"},"type":"group","time":2679}
{"test":{"id":7,"name":"AddressService searchRoadAddress 서비스 인스턴스가 생성되어야 함","suiteID":0,"groupIDs":[4,5,6],"metadata":{"skip":false,"skipReason":null},"line":17,"column":7,"url":"file:///d:/Project/test/integration/services/address_service_test.dart"},"type":"testStart","time":2679}
{"testID":7,"result":"success","skipped":false,"hidden":false,"type":"testDone","time":2697}
{"test":{"id":8,"name":"AddressService searchRoadAddress 빈 키워드는 에러 메시지를 반환해야 함","suiteID":0,"groupIDs":[4,5,6],"metadata":{"skip":false,"skipReason":null},"line":22,"column":7,"url":"file:///d:/Project/test/integration/services/address_service_test.dart"},"type":"testStart","time":2698}
{"testID":8,"messageType":"print","message":"[DEBUG] === 주소 검색 시작 ===","type":"print","time":2706}
{"testID":8,"messageType":"print","message":"[DEBUG] 검색 키워드: ","type":"print","time":2706}
{"testID":8,"messageType":"print","message":"[DEBUG] 페이지: 1","type":"print","time":2706}
{"testID":8,"messageType":"print","message":"[DEBUG] 검색 키워드가 비어있습니다.","type":"print","time":2706}
{"testID":8,"result":"success","skipped":false,"hidden":false,"type":"testDone","time":2706}
{"test":{"id":9,"name":"AddressService searchRoadAddress 공백만 있는 키워드는 에러 메시지를 반환해야 함","suiteID":0,"groupIDs":[4,5,6],"metadata":{"skip":false,"skipReason":null},"line":31,"column":7,"url":"file:///d:/Project/test/integration/services/address_service_test.dart"},"type":"testStart","time":2707}
{"testID":9,"messageType":"print","message":"[DEBUG] === 주소 검색 시작 ===","type":"print","time":2709}
{"testID":9,"messageType":"print","message":"[DEBUG] 검색 키워드:    ","type":"print","time":2709}
{"testID":9,"messageType":"print","message":"[DEBUG] 페이지: 1","type":"print","time":2709}
{"testID":9,"messageType":"print","message":"[DEBUG] 검색 키워드가 비어있습니다.","type":"print","time":2710}
{"testID":9,"result":"success","skipped":false,"hidden":false,"type":"testDone","time":2710}
{"test":{"id":10,"name":"AddressService searchRoadAddress 1글자 키워드는 에러 메시지를 반환해야 함","suiteID":0,"groupIDs":[4,5,6],"metadata":{"skip":false,"skipReason":null},"line":40,"column":7,"url":"file:///d:/Project/test/integration/services/address_service_test.dart"},"type":"testStart","time":2710}
{"testID":10,"messageType":"print","message":"[DEBUG] === 주소 검색 시작 ===","type":"print","time":2713}
{"testID":10,"messageType":"print","message":"[DEBUG] 검색 키워드: 서","type":"print","time":2713}
{"testID":10,"messageType":"print","message":"[DEBUG] 페이지: 1","type":"print","time":2713}
{"testID":10,"messageType":"print","message":"[DEBUG] 키워드가 너무 짧습니다: 1자","type":"print","time":2713}
{"testID":10,"result":"success","skipped":false,"hidden":false,"type":"testDone","time":2714}
{"test":{"id":11,"name":"AddressService searchRoadAddress 비정상적인 키워드(에러 메시지 포함)는 필터링되어야 함","suiteID":0,"groupIDs":[4,5,6],"metadata":{"skip":false,"skipReason":null},"line":49,"column":7,"url":"file:///d:/Project/test/integration/services/address_service_test.dart"},"type":"testStart","time":2714}
{"testID":11,"messageType":"print","message":"[DEBUG] === 주소 검색 시작 ===","type":"print","time":2723}
{"testID":11,"messageType":"print","message":"[DEBUG] 검색 키워드: error: something went wrong","type":"print","time":2723}
{"testID":11,"messageType":"print","message":"[DEBUG] 페이지: 1","type":"print","time":2723}
{"testID":11,"messageType":"print","message":"[WARNING] 비정상적인 검색 키워드 감지: error: something went wrong","type":"print","time":2723}
{"testID":11,"messageType":"print","message":"[Logger] 경고 로그 저장 실패: [core/no-app] No Firebase App '[DEFAULT]' has been created - call Firebase.initializeApp()","type":"print","time":2724}
{"testID":11,"result":"success","skipped":false,"hidden":false,"type":"testDone","time":2724}
{"test":{"id":12,"name":"AddressService searchRoadAddress warning 키워드는 필터링되어야 함","suiteID":0,"groupIDs":[4,5,6],"metadata":{"skip":false,"skipReason":null},"line":58,"column":7,"url":"file:///d:/Project/test/integration/services/address_service_test.dart"},"type":"testStart","time":2725}
{"testID":12,"messageType":"print","message":"[DEBUG] === 주소 검색 시작 ===","type":"print","time":2728}
{"testID":12,"messageType":"print","message":"[DEBUG] 검색 키워드: warning: unused variable","type":"print","time":2728}
{"testID":12,"messageType":"print","message":"[DEBUG] 페이지: 1","type":"print","time":2728}
{"testID":12,"messageType":"print","message":"[WARNING] 비정상적인 검색 키워드 감지: warning: unused variable","type":"print","time":2728}
{"testID":12,"messageType":"print","message":"[Logger] 경고 로그 저장 실패: [core/no-app] No Firebase App '[DEFAULT]' has been created - call Firebase.initializeApp()","type":"print","time":2729}
{"testID":12,"result":"success","skipped":false,"hidden":false,"type":"testDone","time":2729}
{"test":{"id":13,"name":"AddressService searchRoadAddress 너무 긴 키워드(500자 초과)는 필터링되어야 함","suiteID":0,"groupIDs":[4,5,6],"metadata":{"skip":false,"skipReason":null},"line":67,"column":7,"url":"file:///d:/Project/test/integration/services/address_service_test.dart"},"type":"testStart","time":2729}
{"testID":13,"messageType":"print","message":"[DEBUG] === 주소 검색 시작 ===","type":"print","time":2732}
{"testID":13,"messageType":"print","message":"[DEBUG] 검색 키워드: aaaaaaaaaaaaaaaaaaaaaaaaaaaaaaaaaaaaaaaaaaaaaaaaaaaaaaaaaaaaaaaaaaaaaaaaaaaaaaaaaaaaaaaaaaaaaaaaaaaaaaaaaaaaaaaaaaaaaaaaaaaaaaaaaaaaaaaaaaaaaaaaaaaaaaaaaaaaaaaaaaaaaaaaaaaaaaaaaaaaaaaaaaaaaaaaaaaaaaaaaaaaaaaaaaaaaaaaaaaaaaaaaaaaaaaaaaaaaaaaaaaaaaaaaaaaaaaaaaaaaaaaaaaaaaaaaaaaaaaaaaaaaaaaaaaaaaaaaaaaaaaaaaaaaaaaaaaaaaaaaaaaaaaaaaaaaaaaaaaaaaaaaaaaaaaaaaaaaaaaaaaaaaaaaaaaaaaaaaaaaaaaaaaaaaaaaaaaaaaaaaaaaaaaaaaaaaaaaaaaaaaaaaaaaaaaaaaaaaaaaaaaaaaaaaaaaaaaaaaaaaaaaaaaaaaaaaaaaaaaaaaaaaaaaaaaaaaaaaaaa","type":"print","time":2732}
{"testID":13,"messageType":"print","message":"[DEBUG] 페이지: 1","type":"print","time":2733}
{"testID":13,"messageType":"print","message":"[WARNING] 비정상적인 검색 키워드 감지: aaaaaaaaaaaaaaaaaaaaaaaaaaaaaaaaaaaaaaaaaaaaaaaaaaaaaaaaaaaaaaaaaaaaaaaaaaaaaaaaaaaaaaaaaaaaaaaaaaaa...","type":"print","time":2733}
{"testID":13,"messageType":"print","message":"[Logger] 경고 로그 저장 실패: [core/no-app] No Firebase App '[DEFAULT]' has been created - call Firebase.initializeApp()","type":"print","time":2734}
{"testID":13,"result":"success","skipped":false,"hidden":false,"type":"testDone","time":2734}
{"group":{"id":14,"suiteID":0,"parentID":5,"name":"AddressService 페이지네이션","metadata":{"skip":false,"skipReason":null},"testCount":1,"line":86,"column":5,"url":"file:///d:/Project/test/integration/services/address_service_test.dart"},"type":"group","time":2734}
{"test":{"id":15,"name":"AddressService 페이지네이션 페이지 파라미터를 받을 수 있어야 함","suiteID":0,"groupIDs":[4,5,14],"metadata":{"skip":false,"skipReason":null},"line":87,"column":7,"url":"file:///d:/Project/test/integration/services/address_service_test.dart"},"type":"testStart","time":2734}
{"testID":15,"messageType":"print","message":"[DEBUG] === 주소 검색 시작 ===","type":"print","time":2746}
{"testID":15,"messageType":"print","message":"[DEBUG] 검색 키워드: 테스트","type":"print","time":2746}
{"testID":15,"messageType":"print","message":"[DEBUG] 페이지: 1","type":"print","time":2746}
{"testID":15,"messageType":"print","message":"[DEBUG] === API 키 확인 ===","type":"print","time":2746}
{"testID":15,"messageType":"print","message":"[DEBUG] API 키 존재 여부: false","type":"print","time":2746}
{"testID":15,"messageType":"print","message":"[DEBUG] API 키 길이: 0","type":"print","time":2747}
{"testID":15,"messageType":"print","message":"[WARNING] API 키가 비어있습니다!","type":"print","time":2747}
{"testID":15,"messageType":"print","message":"[Logger] 경고 로그 저장 실패: [core/no-app] No Firebase App '[DEFAULT]' has been created - call Firebase.initializeApp()","type":"print","time":2747}
{"testID":15,"messageType":"print","message":"[DEBUG] === 요청 URL 생성 ===","type":"print","time":2747}
{"testID":15,"messageType":"print","message":"[DEBUG] 기본 URL: https://business.juso.go.kr/addrlink/addrLinkApi.do","type":"print","time":2747}
{"testID":15,"messageType":"print","message":"[DEBUG] 요청 파라미터:","type":"print","time":2747}
{"testID":15,"messageType":"print","message":"  Metadata: {currentPage: 1, countPerPage: 10, keyword: 테스트, resultType: json}","type":"print","time":2748}
{"testID":15,"messageType":"print","message":"[DEBUG] 프록시 URI: ***API_KEY***h***API_KEY***t***API_KEY***t***API_KEY***p***API_KEY***s***API_KEY***:***API_KEY***/***API_KEY***/***API_KEY***1***API_KEY***3***API_KEY***2***API_KEY***.***API_KEY***2***API_KEY***2***API_KEY***6***API_KEY***.***API_KEY***2***API_KEY***2***API_KEY***6***API_KEY***.***API_KEY***1***API_KEY***0***API_KEY***3***API_KEY***:***API_KEY***3***API_KEY***3***API_KEY***8***API_KEY***5***API_KEY***9***API_KEY***/***API_KEY***p***API_KEY***r***API_KEY***o***API_KEY***x***API_KEY***y***API_KEY***?***API_KEY***q***API_KEY***=***API_KEY***h***API_KEY***t***API_KEY***t***API_KEY***p***API_KEY***s***API_KEY***%***API_KEY***3***API_KEY***A***API_KEY***%***API_KEY***2***API_KEY***F***API_KEY***%***API_KEY***2***API_KEY***F***API_KEY***b***API_KEY***u***API_KEY***s***API_KEY***i***API_KEY***n***API_KEY***e***API_KEY***s***API_KEY***s***API_KEY***.***API_KEY***j***API_KEY***u***API_KEY***s***API_KEY***o***API_KEY***.***API_KEY***g***API_KEY***o***API_KEY***.***API_KEY***k***API_KEY***r***API_KEY***%***API_KEY***2***API_KEY***F***API_KEY***a***API_KEY***d***API_KEY***d***API_KEY***r***API_KEY***l***API_KEY***i***API_KEY***n***API_KEY***k***API_KEY***%***API_KEY***2***API_KEY***F***API_KEY***a***API_KEY***d***API_KEY***d***API_KEY***r***API_KEY***L***API_KEY***i***API_KEY***n***API_KEY***k***API_KEY***A***API_KEY***p***API_KEY***i***API_KEY***.***API_KEY***d***API_KEY***o***API_KEY***%***API_KEY***3***API_KEY***F***API_KEY***c***API_KEY***u***API_KEY***r***API_KEY***r***API_KEY***e***API_KEY***n***API_KEY***t***API_KEY***P***API_KEY***a***API_KEY***g***API_KEY***e***API_KEY***%***API_KEY***3***API_KEY***D***API_KEY***1***API_KEY***%***API_KEY***2***API_KEY***6***API_KEY***c***API_KEY***o***API_KEY***u***API_KEY***n***API_KEY***t***API_KEY***P***API_KEY***e***API_KEY***r***API_KEY***P***API_KEY***a***API_KEY***g***API_KEY***e***API_KEY***%***API_KEY***3***API_KEY***D***API_KEY***1***API_KEY***0***API_KEY***%***API_KEY***2***API_KEY***6***API_KEY***k***API_KEY***e***API_KEY***y***API_KEY***w***API_KEY***o***API_KEY***r***API_KEY***d***API_KEY***%***API_KEY***3***API_KEY***D***API_KEY***%***API_KEY***2***API_KEY***5***API_KEY***E***API_KEY***D***API_KEY***%***API_KEY***2***API_KEY***5***API_KEY***8***API_KEY***5***API_KEY***%***API_KEY***2***API_KEY***5***API_KEY***8***API_KEY***C***API_KEY***%***API_KEY***2***API_KEY***5***API_KEY***E***API_KEY***C***API_KEY***%***API_KEY***2***API_KEY***5***API_KEY***8***API_KEY***A***API_KEY***%***API_KEY***2***API_KEY***5***API_KEY***A***API_KEY***4***API_KEY***%***API_KEY***2***API_KEY***5***API_KEY***E***API_KEY***D***API_KEY***%***API_KEY***2***API_KEY***5***API_KEY***8***API_KEY***A***API_KEY***%***API_KEY***2***API_KEY***5***API_KEY***B***API_KEY***8***API_KEY***%***API_KEY***2***API_KEY***6***API_KEY***c***API_KEY***o***API_KEY***n***API_KEY***f***API_KEY***m***API_KEY***K***API_KEY***e***API_KEY***y***API_KEY***%***API_KEY***3***API_KEY***D***API_KEY***%***API_KEY***2***API_KEY***6***API_KEY***r***API_KEY***e***API_KEY***s***API_KEY***u***API_KEY***l***API_KEY***t***API_KEY***T***API_KEY***y***API_KEY***p***API_KEY***e***API_KEY***%***API_KEY***3***API_KEY***D***API_KEY***j***API_KEY***s***API_KEY***o***API_KEY***n***API_KEY***","type":"print","time":2748}
{"testID":15,"messageType":"print","message":"[DEBUG] === HTTP 요청 시작 ===","type":"print","time":2748}
{"testID":15,"messageType":"print","message":"[DEBUG] 프록시 서버로 요청 전송 중...","type":"print","time":2748}
{"testID":15,"messageType":"print","message":"[DEBUG] === 주소 검색 시작 ===","type":"print","time":2748}
{"testID":15,"messageType":"print","message":"[DEBUG] 검색 키워드: 테스트","type":"print","time":2748}
{"testID":15,"messageType":"print","message":"[DEBUG] 페이지: 2","type":"print","time":2749}
{"testID":15,"messageType":"print","message":"[DEBUG] === API 키 확인 ===","type":"print","time":2749}
{"testID":15,"messageType":"print","message":"[DEBUG] API 키 존재 여부: false","type":"print","time":2749}
{"testID":15,"messageType":"print","message":"[DEBUG] API 키 길이: 0","type":"print","time":2749}
{"testID":15,"messageType":"print","message":"[WARNING] API 키가 비어있습니다!","type":"print","time":2749}
{"testID":15,"messageType":"print","message":"[Logger] 경고 로그 저장 실패: [core/no-app] No Firebase App '[DEFAULT]' has been created - call Firebase.initializeApp()","type":"print","time":2750}
{"testID":15,"messageType":"print","message":"[DEBUG] === 요청 URL 생성 ===","type":"print","time":2750}
{"testID":15,"messageType":"print","message":"[DEBUG] 기본 URL: https://business.juso.go.kr/addrlink/addrLinkApi.do","type":"print","time":2750}
{"testID":15,"messageType":"print","message":"[DEBUG] 요청 파라미터:","type":"print","time":2750}
{"testID":15,"messageType":"print","message":"  Metadata: {currentPage: 2, countPerPage: 10, keyword: 테스트, resultType: json}","type":"print","time":2750}
{"testID":15,"messageType":"print","message":"[DEBUG] 프록시 URI: ***API_KEY***h***API_KEY***t***API_KEY***t***API_KEY***p***API_KEY***s***API_KEY***:***API_KEY***/***API_KEY***/***API_KEY***1***API_KEY***3***API_KEY***2***API_KEY***.***API_KEY***2***API_KEY***2***API_KEY***6***API_KEY***.***API_KEY***2***API_KEY***2***API_KEY***6***API_KEY***.***API_KEY***1***API_KEY***0***API_KEY***3***API_KEY***:***API_KEY***3***API_KEY***3***API_KEY***8***API_KEY***5***API_KEY***9***API_KEY***/***API_KEY***p***API_KEY***r***API_KEY***o***API_KEY***x***API_KEY***y***API_KEY***?***API_KEY***q***API_KEY***=***API_KEY***h***API_KEY***t***API_KEY***t***API_KEY***p***API_KEY***s***API_KEY***%***API_KEY***3***API_KEY***A***API_KEY***%***API_KEY***2***API_KEY***F***API_KEY***%***API_KEY***2***API_KEY***F***API_KEY***b***API_KEY***u***API_KEY***s***API_KEY***i***API_KEY***n***API_KEY***e***API_KEY***s***API_KEY***s***API_KEY***.***API_KEY***j***API_KEY***u***API_KEY***s***API_KEY***o***API_KEY***.***API_KEY***g***API_KEY***o***API_KEY***.***API_KEY***k***API_KEY***r***API_KEY***%***API_KEY***2***API_KEY***F***API_KEY***a***API_KEY***d***API_KEY***d***API_KEY***r***API_KEY***l***API_KEY***i***API_KEY***n***API_KEY***k***API_KEY***%***API_KEY***2***API_KEY***F***API_KEY***a***API_KEY***d***API_KEY***d***API_KEY***r***API_KEY***L***API_KEY***i***API_KEY***n***API_KEY***k***API_KEY***A***API_KEY***p***API_KEY***i***API_KEY***.***API_KEY***d***API_KEY***o***API_KEY***%***API_KEY***3***API_KEY***F***API_KEY***c***API_KEY***u***API_KEY***r***API_KEY***r***API_KEY***e***API_KEY***n***API_KEY***t***API_KEY***P***API_KEY***a***API_KEY***g***API_KEY***e***API_KEY***%***API_KEY***3***API_KEY***D***API_KEY***2***API_KEY***%***API_KEY***2***API_KEY***6***API_KEY***c***API_KEY***o***API_KEY***u***API_KEY***n***API_KEY***t***API_KEY***P***API_KEY***e***API_KEY***r***API_KEY***P***API_KEY***a***API_KEY***g***API_KEY***e***API_KEY***%***API_KEY***3***API_KEY***D***API_KEY***1***API_KEY***0***API_KEY***%***API_KEY***2***API_KEY***6***API_KEY***k***API_KEY***e***API_KEY***y***API_KEY***w***API_KEY***o***API_KEY***r***API_KEY***d***API_KEY***%***API_KEY***3***API_KEY***D***API_KEY***%***API_KEY***2***API_KEY***5***API_KEY***E***API_KEY***D***API_KEY***%***API_KEY***2***API_KEY***5***API_KEY***8***API_KEY***5***API_KEY***%***API_KEY***2***API_KEY***5***API_KEY***8***API_KEY***C***API_KEY***%***API_KEY***2***API_KEY***5***API_KEY***E***API_KEY***C***API_KEY***%***API_KEY***2***API_KEY***5***API_KEY***8***API_KEY***A***API_KEY***%***API_KEY***2***API_KEY***5***API_KEY***A***API_KEY***4***API_KEY***%***API_KEY***2***API_KEY***5***API_KEY***E***API_KEY***D***API_KEY***%***API_KEY***2***API_KEY***5***API_KEY***8***API_KEY***A***API_KEY***%***API_KEY***2***API_KEY***5***API_KEY***B***API_KEY***8***API_KEY***%***API_KEY***2***API_KEY***6***API_KEY***c***API_KEY***o***API_KEY***n***API_KEY***f***API_KEY***m***API_KEY***K***API_KEY***e***API_KEY***y***API_KEY***%***API_KEY***3***API_KEY***D***API_KEY***%***API_KEY***2***API_KEY***6***API_KEY***r***API_KEY***e***API_KEY***s***API_KEY***u***API_KEY***l***API_KEY***t***API_KEY***T***API_KEY***y***API_KEY***p***API_KEY***e***API_KEY***%***API_KEY***3***API_KEY***D***API_KEY***j***API_KEY***s***API_KEY***o***API_KEY***n***API_KEY***","type":"print","time":2750}
{"testID":15,"messageType":"print","message":"[DEBUG] === HTTP 요청 시작 ===","type":"print","time":2751}
{"testID":15,"messageType":"print","message":"[DEBUG] 프록시 서버로 요청 전송 중...","type":"print","time":2751}
{"testID":15,"result":"success","skipped":false,"hidden":false,"type":"testDone","time":2751}
{"success":false,"type":"done","time":2774}
